#
# A fatal error has been detected by the Java Runtime Environment:
#
#  EXCEPTION_ACCESS_VIOLATION (0xc0000005) at pc=0x00007ff92706cf02, pid=23032, tid=16264
#
# JRE version: Java(TM) SE Runtime Environment (20.0.1+9) (build 20.0.1+9-29)
# Java VM: Java HotSpot(TM) 64-Bit Server VM (20.0.1+9-29, mixed mode, sharing, tiered, compressed oops, compressed class ptrs, g1 gc, windows-amd64)
# Problematic frame:
# V  [jvm.dll+0x35cf02]
#
# No core dump will be written. Minidumps are not enabled by default on client versions of Windows
#
# If you would like to submit a bug report, please visit:
#   https://bugreport.java.com/bugreport/crash.jsp
#

---------------  S U M M A R Y ------------

Command Line: -XX:+ShowCodeDetailsInExceptionMessages -agentlib:jdwp=transport=dt_socket,suspend=y,address=localhost:9790 -javaagent:C:\Users\thila\eclipse\jee-2023-032\eclipse\configuration\org.eclipse.osgi\424\0\.cp\lib\javaagent-shaded.jar -Dfile.encoding=UTF-8 com.wipro.pizza_hunt.PizzaHuntApplication

Host: AMD Ryzen 7 5800H with Radeon Graphics         , 16 cores, 13G,  Windows 11 , 64 bit Build 22621 (10.0.22621.3958)
Time: Thu Sep 19 13:51:37 2024 India Standard Time elapsed time: 1547.057296 seconds (0d 0h 25m 47s)

---------------  T H R E A D  ---------------

Current thread (0x00000219787ad760):  WorkerThread "GC Thread#10" [stack: 0x0000004879900000,0x0000004879a00000] [id=16264]

Stack: [0x0000004879900000,0x0000004879a00000],  sp=0x00000048799fdd60,  free space=1015k
Native frames: (J=compiled Java code, j=interpreted, Vv=VM code, C=native code)
V  [jvm.dll+0x35cf02]
V  [jvm.dll+0x36c428]
V  [jvm.dll+0x31781d]
V  [jvm.dll+0x31725d]
V  [jvm.dll+0x3f19b5]
V  [jvm.dll+0x7f4ed6]
V  [jvm.dll+0x7fea61]
V  [jvm.dll+0x36ca1a]
V  [jvm.dll+0x36c8b4]
V  [jvm.dll+0x373eb4]
V  [jvm.dll+0x37402b]
V  [jvm.dll+0x8759c7]
V  [jvm.dll+0x7f4b56]
V  [jvm.dll+0x6ba5cb]
C  [ucrtbase.dll+0x29333]
C  [KERNEL32.DLL+0x1257d]
C  [ntdll.dll+0x5af28]

JavaThread 0x0000021979359ea0 (nid = 15264) was being processed
Java frames: (J=compiled Java code, j=interpreted, Vv=VM code)
j  java.lang.invoke.DirectMethodHandle$Holder.newInvokeSpecial(Ljava/lang/Object;)Ljava/lang/Object;+15 java.base@20.0.1
J 9053 c2 java.lang.reflect.Constructor.newInstanceWithCaller([Ljava/lang/Object;ZLjava/lang/Class;)Ljava/lang/Object; java.base@20.0.1 (51 bytes) @ 0x00000219640099d0 [0x0000021964009780+0x0000000000000250]
J 3503 c1 org.springframework.beans.BeanUtils.instantiateClass(Ljava/lang/reflect/Constructor;[Ljava/lang/Object;)Ljava/lang/Object; (208 bytes) @ 0x000002195c6c9b14 [0x000002195c6c8d20+0x0000000000000df4]
J 9420 c1 org.springframework.beans.factory.support.SimpleInstantiationStrategy.instantiate(Lorg/springframework/beans/factory/support/RootBeanDefinition;Ljava/lang/String;Lorg/springframework/beans/factory/BeanFactory;)Ljava/lang/Object; (123 bytes) @ 0x000002195cdff9d4 [0x000002195cdff280+0x0000000000000754]
J 9422 c1 org.springframework.beans.factory.support.AbstractAutowireCapableBeanFactory.instantiateBean(Ljava/lang/String;Lorg/springframework/beans/factory/support/RootBeanDefinition;)Lorg/springframework/beans/BeanWrapper; (51 bytes) @ 0x000002195ce0ea9c [0x000002195ce0e8a0+0x00000000000001fc]
J 8432 c1 org.springframework.beans.factory.support.AbstractAutowireCapableBeanFactory.createBeanInstance(Ljava/lang/String;Lorg/springframework/beans/factory/support/RootBeanDefinition;[Ljava/lang/Object;)Lorg/springframework/beans/BeanWrapper; (245 bytes) @ 0x000002195c13eff4 [0x000002195c13dba0+0x0000000000001454]
J 7196 c1 org.springframework.beans.factory.support.AbstractAutowireCapableBeanFactory.doCreateBean(Ljava/lang/String;Lorg/springframework/beans/factory/support/RootBeanDefinition;[Ljava/lang/Object;)Ljava/lang/Object; (469 bytes) @ 0x000002195ccd594c [0x000002195ccd53e0+0x000000000000056c]
J 7206 c1 org.springframework.beans.factory.support.AbstractAutowireCapableBeanFactory.createBean(Ljava/lang/String;Lorg/springframework/beans/factory/support/RootBeanDefinition;[Ljava/lang/Object;)Ljava/lang/Object; (214 bytes) @ 0x000002195ccdbf3c [0x000002195ccdabe0+0x000000000000135c]
J 7205 c1 org.springframework.beans.factory.support.AbstractBeanFactory.lambda$doGetBean$0(Ljava/lang/String;Lorg/springframework/beans/factory/support/RootBeanDefinition;[Ljava/lang/Object;)Ljava/lang/Object; (18 bytes) @ 0x000002195ccd3a7c [0x000002195ccd3940+0x000000000000013c]
J 7204 c1 org.springframework.beans.factory.support.AbstractBeanFactory$$Lambda$313+0x00000008011ecde0.getObject()Ljava/lang/Object; (20 bytes) @ 0x000002195ccd34cc [0x000002195ccd3420+0x00000000000000ac]
J 7219 c1 org.springframework.beans.factory.support.DefaultSingletonBeanRegistry.getSingleton(Ljava/lang/String;Lorg/springframework/beans/factory/ObjectFactory;)Ljava/lang/Object; (279 bytes) @ 0x000002195ccf344c [0x000002195ccf2cc0+0x000000000000078c]
J 9769 c2 org.springframework.beans.factory.support.AbstractBeanFactory.doGetBean(Ljava/lang/String;Ljava/lang/Class;[Ljava/lang/Object;Z)Ljava/lang/Object; (787 bytes) @ 0x0000021964141178 [0x0000021964140680+0x0000000000000af8]
J 7052 c1 org.springframework.beans.factory.support.AbstractBeanFactory.getBean(Ljava/lang/String;)Ljava/lang/Object; (9 bytes) @ 0x000002195cc64854 [0x000002195cc64720+0x0000000000000134]
J 9419 c1 org.springframework.beans.factory.support.DefaultListableBeanFactory.doResolveDependency(Lorg/springframework/beans/factory/config/DependencyDescriptor;Ljava/lang/String;Ljava/util/Set;Lorg/springframework/beans/TypeConverter;)Ljava/lang/Object; (563 bytes) @ 0x000002195ce16164 [0x000002195ce10b40+0x0000000000005624]
J 8607 c1 org.springframework.beans.factory.support.DefaultListableBeanFactory.resolveDependency(Lorg/springframework/beans/factory/config/DependencyDescriptor;Ljava/lang/String;Ljava/util/Set;Lorg/springframework/beans/TypeConverter;)Ljava/lang/Object; (121 bytes) @ 0x000002195c24587c [0x000002195c244f80+0x00000000000008fc]
j  org.springframework.beans.factory.annotation.AutowiredAnnotationBeanPostProcessor$AutowiredFieldElement.resolveFieldValue(Ljava/lang/reflect/Field;Ljava/lang/Object;Ljava/lang/String;)Ljava/lang/Object;+81
j  org.springframework.beans.factory.annotation.AutowiredAnnotationBeanPostProcessor$AutowiredFieldElement.inject(Ljava/lang/Object;Ljava/lang/String;Lorg/springframework/beans/PropertyValues;)V+74
J 6744 c1 org.springframework.beans.factory.annotation.InjectionMetadata.inject(Ljava/lang/Object;Ljava/lang/String;Lorg/springframework/beans/PropertyValues;)V (75 bytes) @ 0x000002195c90a35c [0x000002195c909e80+0x00000000000004dc]
J 7180 c1 org.springframework.beans.factory.annotation.AutowiredAnnotationBeanPostProcessor.postProcessProperties(Lorg/springframework/beans/PropertyValues;Ljava/lang/Object;Ljava/lang/String;)Lorg/springframework/beans/PropertyValues; (46 bytes) @ 0x000002195ccc1bf4 [0x000002195ccc1a60+0x0000000000000194]
J 12310 c2 org.springframework.beans.factory.support.AbstractAutowireCapableBeanFactory.populateBean(Ljava/lang/String;Lorg/springframework/beans/factory/support/RootBeanDefinition;Lorg/springframework/beans/BeanWrapper;)V (355 bytes) @ 0x000002196419d1e0 [0x000002196419cc80+0x0000000000000560]
J 7196 c1 org.springframework.beans.factory.support.AbstractAutowireCapableBeanFactory.doCreateBean(Ljava/lang/String;Lorg/springframework/beans/factory/support/RootBeanDefinition;[Ljava/lang/Object;)Ljava/lang/Object; (469 bytes) @ 0x000002195ccd694c [0x000002195ccd53e0+0x000000000000156c]
J 7206 c1 org.springframework.beans.factory.support.AbstractAutowireCapableBeanFactory.createBean(Ljava/lang/String;Lorg/springframework/beans/factory/support/RootBeanDefinition;[Ljava/lang/Object;)Ljava/lang/Object; (214 bytes) @ 0x000002195ccdbf3c [0x000002195ccdabe0+0x000000000000135c]
J 7205 c1 org.springframework.beans.factory.support.AbstractBeanFactory.lambda$doGetBean$0(Ljava/lang/String;Lorg/springframework/beans/factory/support/RootBeanDefinition;[Ljava/lang/Object;)Ljava/lang/Object; (18 bytes) @ 0x000002195ccd3a7c [0x000002195ccd3940+0x000000000000013c]
J 7204 c1 org.springframework.beans.factory.support.AbstractBeanFactory$$Lambda$313+0x00000008011ecde0.getObject()Ljava/lang/Object; (20 bytes) @ 0x000002195ccd34cc [0x000002195ccd3420+0x00000000000000ac]
J 7219 c1 org.springframework.beans.factory.support.DefaultSingletonBeanRegistry.getSingleton(Ljava/lang/String;Lorg/springframework/beans/factory/ObjectFactory;)Ljava/lang/Object; (279 bytes) @ 0x000002195ccf344c [0x000002195ccf2cc0+0x000000000000078c]
J 9769 c2 org.springframework.beans.factory.support.AbstractBeanFactory.doGetBean(Ljava/lang/String;Ljava/lang/Class;[Ljava/lang/Object;Z)Ljava/lang/Object; (787 bytes) @ 0x0000021964141178 [0x0000021964140680+0x0000000000000af8]
J 7052 c1 org.springframework.beans.factory.support.AbstractBeanFactory.getBean(Ljava/lang/String;)Ljava/lang/Object; (9 bytes) @ 0x000002195cc64854 [0x000002195cc64720+0x0000000000000134]
j  org.springframework.beans.factory.support.DefaultListableBeanFactory.preInstantiateSingletons()V+152
j  org.springframework.context.support.AbstractApplicationContext.finishBeanFactoryInitialization(Lorg/springframework/beans/factory/config/ConfigurableListableBeanFactory;)V+173
j  org.springframework.context.support.AbstractApplicationContext.refresh()V+94
j  org.springframework.boot.web.servlet.context.ServletWebServerApplicationContext.refresh()V+1
j  org.springframework.boot.SpringApplication.refresh(Lorg/springframework/context/ConfigurableApplicationContext;)V+1
j  org.springframework.boot.SpringApplication.refreshContext(Lorg/springframework/context/ConfigurableApplicationContext;)V+16
j  org.springframework.boot.SpringApplication.run([Ljava/lang/String;)Lorg/springframework/context/ConfigurableApplicationContext;+110
j  org.springframework.boot.SpringApplication.run([Ljava/lang/Class;[Ljava/lang/String;)Lorg/springframework/context/ConfigurableApplicationContext;+9
j  org.springframework.boot.SpringApplication.run(Ljava/lang/Class;[Ljava/lang/String;)Lorg/springframework/context/ConfigurableApplicationContext;+9
j  com.wipro.pizza_hunt.PizzaHuntApplication.main([Ljava/lang/String;)V+3
j  java.lang.invoke.LambdaForm$DMH+0x00000008010b8000.invokeStatic(Ljava/lang/Object;Ljava/lang/Object;)V+10 java.base@20.0.1
j  java.lang.invoke.LambdaForm$MH+0x00000008010b9000.invoke(Ljava/lang/Object;Ljava/lang/Object;Ljava/lang/Object;)Ljava/lang/Object;+33 java.base@20.0.1
J 6578 c2 java.lang.reflect.Method.invoke(Ljava/lang/Object;[Ljava/lang/Object;)Ljava/lang/Object; java.base@20.0.1 (108 bytes) @ 0x0000021963d75274 [0x0000021963d74820+0x0000000000000a54]
j  org.springframework.boot.devtools.restart.RestartLauncher.run()V+47
v  ~StubRoutines::call_stub 0x000002196338100d

siginfo: EXCEPTION_ACCESS_VIOLATION (0xc0000005), reading address 0xffffffffffffffff


Registers:
RAX=0x05124d010900c007, RBX=0x0000000000000000, RCX=0x0000000000020ab3, RDX=0x0000000000020ab3
RSP=0x00000048799fdd60, RBP=0x0000000000000006, RSI=0x00000048799fe110, RDI=0x0000004878afd730
R8 =0x0000021953ea4260, R9 =0x000000000e456300, R10=0x0000004878afd730, R11=0x00000048799fdfb8
R12=0x000000000e456300, R13=0x0000000800722b07, R14=0x0000004878afd730, R15=0x0000021901e2a020
RIP=0x00007ff92706cf02, EFLAGS=0x0000000000010212


Register to memory mapping:

RIP=0x00007ff92706cf02 jvm.dll
RAX=0x05124d010900c007 is an unknown value
RBX=0x0 is NULL
RCX=0x0000000000020ab3 is an unknown value
RDX=0x0000000000020ab3 is an unknown value
RSP=0x00000048799fdd60 points into unknown readable memory: 0x0000000000000000 | 00 00 00 00 00 00 00 00
RBP=0x0000000000000006 is an unknown value
RSI=0x00000048799fe110 points into unknown readable memory: 0x0000004878afd728 | 28 d7 af 78 48 00 00 00
RDI=0x0000004878afd730 is pointing into the stack for thread: 0x0000021979359ea0
R8 =0x0000021953ea4260 points into unknown readable memory: 0x00007ff92768e3e8 | e8 e3 68 27 f9 7f 00 00
R9 =0x000000000e456300 is an unknown value
R10=0x0000004878afd730 is pointing into the stack for thread: 0x0000021979359ea0
R11=0x00000048799fdfb8 points into unknown readable memory: 0x00007ff92702725d | 5d 72 02 27 f9 7f 00 00
R12=0x000000000e456300 is an unknown value
R13=0x0000000800722b07 is pointing into metadata
R14=0x0000004878afd730 is pointing into the stack for thread: 0x0000021979359ea0
R15=0x0000021901e2a020 points into unknown readable memory: 0x00007ff927695aa0 | a0 5a 69 27 f9 7f 00 00


Top of Stack: (sp=0x00000048799fdd60)
0x00000048799fdd60:   0000000000000000 0000000000000004
0x00000048799fdd70:   00000000000001d0 00007ff9273babc5
0x00000048799fdd80:   00000000000001d0 0000021977e3df40
0x00000048799fdd90:   0000004878afd730 05124d010900c007
0x00000048799fdda0:   0000004878afd730 00000048799fde08
0x00000048799fddb0:   00000048784ff2d0 0000021978de86a0
0x00000048799fddc0:   0000000000000001 00000000000003d8
0x00000048799fddd0:   0000000000000000 00000219001138b8
0x00000048799fdde0:   00000048799fe110 00000048799fdf30
0x00000048799fddf0:   0000004878afd730 00007ff92707c428
0x00000048799fde00:   00000048799f0000 00000048799f0000
0x00000048799fde10:   0000000800480090 0000000000000000
0x00000048799fde20:   00000219001138b8 00007ff92702781d
0x00000048799fde30:   0000000000000003 0000000000000003
0x00000048799fde40:   00000219001138b8 00000048799fe110
0x00000048799fde50:   0000000f5c5a5101 00000008000b8e90
0x00000048799fde60:   00000219787ad760 0000000800540130
0x00000048799fde70:   000002197764f880 00000000000003d8
0x00000048799fde80:   000002197764f890 000002197764fc68
0x00000048799fde90:   0000000800722b07 00007ff9000000b8
0x00000048799fdea0:   00000008000b8e90 00007ff92768cd00
0x00000048799fdeb0:   00000048799fe110 00000219001138b8
0x00000048799fdec0:   0000000300000001 0000000800540130
0x00000048799fded0:   0000001300000001 0000000000000032
0x00000048799fdee0:   000000010000000c 0000000800480090
0x00000048799fdef0:   0000000000000000 0000004800000002
0x00000048799fdf00:   0000000300000001 0000000000000000
0x00000048799fdf10:   000002195c5a5190 00000219781c1fe0
0x00000048799fdf20:   00000219001138b8 00000000000003d8
0x00000048799fdf30:   0000000800132c88 00000002799f0014
0x00000048799fdf40:   0000004800000000 0000000000000001
0x00000048799fdf50:   00000048784ff558 00007ff92707c482 

Instructions: (pc=0x00007ff92706cf02)
0x00007ff92706ce02:   00 00 00 cc cc cc cc cc cc cc cc cc cc cc 40 53
0x00007ff92706ce12:   55 56 57 41 54 41 55 41 56 41 57 48 83 ec 58 80
0x00007ff92706ce22:   3d b3 39 85 00 00 49 8b f9 4d 8b f0 0f b7 da 4c
0x00007ff92706ce32:   8b f9 74 16 45 8b 68 08 8b 0d a8 61 7e 00 49 d3
0x00007ff92706ce42:   e5 4c 03 2d 96 61 7e 00 eb 04 4d 8b 68 08 49 8b
0x00007ff92706ce52:   d5 49 8b ce e8 55 38 de ff 4c 8b e0 48 89 7c 24
0x00007ff92706ce62:   30 33 c0 8b e8 0f b7 c3 66 c1 e8 08 66 89 84 24
0x00007ff92706ce72:   a0 00 00 00 84 c0 75 3c 40 0f b6 cf f6 d1 f6 c1
0x00007ff92706ce82:   01 75 05 48 8b ef eb 12 48 8d 54 24 40 48 8d 4c
0x00007ff92706ce92:   24 30 e8 17 7a 2e 00 48 8b 28 48 c1 ed 03 83 e5
0x00007ff92706cea2:   0f 41 3b af 78 01 00 00 73 0a 66 89 9c 24 a8 00
0x00007ff92706ceb2:   00 00 eb 12 66 c7 84 24 a8 00 00 00 00 01 0f b7
0x00007ff92706cec2:   9c 24 a8 00 00 00 4d 8b 47 08 49 8b d6 66 c1 eb
0x00007ff92706ced2:   08 41 8b 88 48 02 00 00 49 8b 80 40 02 00 00 48
0x00007ff92706cee2:   d3 e0 8b 0d 96 42 85 00 48 2b d0 49 8b 80 28 02
0x00007ff92706cef2:   00 00 48 d3 ea 8b ca 48 8b 04 c8 48 89 44 24 38
0x00007ff92706cf02:   44 8b 80 98 00 00 00 48 0f be c3 48 6b c8 38 49
0x00007ff92706cf12:   8b 47 70 44 89 84 24 b0 00 00 00 48 8b 54 01 10
0x00007ff92706cf22:   84 db 75 04 4a 8d 14 c2 48 8b 0a 4a 8d 1c e5 00
0x00007ff92706cf32:   00 00 00 48 89 9c 24 b8 00 00 00 48 8b 71 30 48
0x00007ff92706cf42:   8b 41 38 48 2b c6 48 c1 e8 03 49 3b c4 72 0d 48
0x00007ff92706cf52:   8d 04 33 48 89 41 30 48 85 f6 75 3d 44 89 44 24
0x00007ff92706cf62:   28 48 8d 94 24 a8 00 00 00 4d 8b c6 89 6c 24 20
0x00007ff92706cf72:   4d 8b cc 49 8b cf e8 43 fc ff ff 48 8b f0 48 85
0x00007ff92706cf82:   c0 75 16 4d 8b cc 4c 8b c7 49 8b d6 49 8b cf e8
0x00007ff92706cf92:   6a 07 00 00 e9 68 03 00 00 48 8d 0d 5e 30 ca ff
0x00007ff92706cfa2:   49 83 fc 08 77 4d 42 8b 84 a1 14 d3 35 00 48 03
0x00007ff92706cfb2:   c1 ff e0 49 8b 46 38 48 89 46 38 49 8b 46 30 48
0x00007ff92706cfc2:   89 46 30 49 8b 46 28 48 89 46 28 49 8b 46 20 48
0x00007ff92706cfd2:   89 46 20 49 8b 46 18 48 89 46 18 49 8b 46 10 48
0x00007ff92706cfe2:   89 46 10 49 8b 46 08 48 89 46 08 49 8b 06 48 89
0x00007ff92706cff2:   06 eb 0e 4c 8b c3 49 8b d6 48 8b ce e8 9d 9f 54 


Stack slot to memory mapping:
stack at sp + 0 slots: 0x0 is NULL
stack at sp + 1 slots: 0x0000000000000004 is an unknown value
stack at sp + 2 slots: 0x00000000000001d0 is an unknown value
stack at sp + 3 slots: 0x00007ff9273babc5 jvm.dll
stack at sp + 4 slots: 0x00000000000001d0 is an unknown value
stack at sp + 5 slots: 0x0000021977e3df40 points into unknown readable memory: 0x00000219785e7ec0 | c0 7e 5e 78 19 02 00 00
stack at sp + 6 slots: 0x0000004878afd730 is pointing into the stack for thread: 0x0000021979359ea0
stack at sp + 7 slots: 0x05124d010900c007 is an unknown value


---------------  P R O C E S S  ---------------

Threads class SMR info:
_java_thread_list=0x000002197f1631f0, length=23, elements={
0x0000021953e8bdf0, 0x00000219775044b0, 0x0000021977505160, 0x0000021977506ac0,
0x0000021977508a20, 0x0000021977509490, 0x000002197750d400, 0x00000219775185d0,
0x0000021977521980, 0x0000021977628f00, 0x00000219777cb770, 0x00000219777f2090,
0x00000219777f2a00, 0x0000021978078350, 0x000002197b68f4a0, 0x000002197935b3e0,
0x00000219793549a0, 0x0000021979358960, 0x0000021979359ea0, 0x0000021979354450,
0x0000021979355990, 0x0000021979355ee0, 0x000002197935a940
}

Java Threads: ( => current thread )
  0x0000021953e8bdf0 JavaThread "main" [_thread_blocked, id=14844, stack(0x0000004877500000,0x0000004877600000)]
  0x00000219775044b0 JavaThread "Reference Handler" daemon [_thread_blocked, id=10248, stack(0x0000004877c00000,0x0000004877d00000)]
  0x0000021977505160 JavaThread "Finalizer" daemon [_thread_blocked, id=19376, stack(0x0000004877d00000,0x0000004877e00000)]
  0x0000021977506ac0 JavaThread "Signal Dispatcher" daemon [_thread_blocked, id=2684, stack(0x0000004877e00000,0x0000004877f00000)]
  0x0000021977508a20 JavaThread "Attach Listener" daemon [_thread_blocked, id=23416, stack(0x0000004877f00000,0x0000004878000000)]
  0x0000021977509490 JavaThread "Service Thread" daemon [_thread_blocked, id=15036, stack(0x0000004878000000,0x0000004878100000)]
  0x000002197750d400 JavaThread "Monitor Deflation Thread" daemon [_thread_blocked, id=21640, stack(0x0000004878100000,0x0000004878200000)]
  0x00000219775185d0 JavaThread "C2 CompilerThread0" daemon [_thread_blocked, id=11296, stack(0x0000004878200000,0x0000004878300000)]
  0x0000021977521980 JavaThread "C1 CompilerThread0" daemon [_thread_blocked, id=21648, stack(0x0000004878300000,0x0000004878400000)]
  0x0000021977628f00 JavaThread "Common-Cleaner" daemon [_thread_blocked, id=17792, stack(0x0000004878400000,0x0000004878500000)]
  0x00000219777cb770 JavaThread "JDWP Transport Listener: dt_socket" daemon [_thread_blocked, id=12764, stack(0x0000004878700000,0x0000004878800000)]
  0x00000219777f2090 JavaThread "JDWP Event Helper Thread" daemon [_thread_blocked, id=6388, stack(0x0000004878800000,0x0000004878900000)]
  0x00000219777f2a00 JavaThread "JDWP Command Reader" daemon [_thread_in_native, id=10088, stack(0x0000004878900000,0x0000004878a00000)]
  0x0000021978078350 JavaThread "Notification Thread" daemon [_thread_blocked, id=10472, stack(0x0000004878c00000,0x0000004878d00000)]
  0x000002197b68f4a0 JavaThread "mysql-cj-abandoned-connection-cleanup" daemon [_thread_blocked, id=13032, stack(0x000000487a100000,0x000000487a200000)]
  0x000002197935b3e0 JavaThread "Live Reload Server" daemon [_thread_in_native, id=15520, stack(0x000000487ad00000,0x000000487ae00000)]
  0x00000219793549a0 JavaThread "Thread-23" [_thread_blocked, id=11796, stack(0x0000004877200000,0x0000004877300000)]
  0x0000021979358960 JavaThread "File Watcher" daemon [_thread_blocked, id=1512, stack(0x0000004878600000,0x0000004878700000)]
  0x0000021979359ea0 JavaThread "restartedMain" [_thread_blocked, id=15264, stack(0x0000004878a00000,0x0000004878b00000)]
  0x0000021979354450 JavaThread "HikariPool-8 housekeeper" daemon [_thread_blocked, id=23732, stack(0x0000004879b00000,0x0000004879c00000)]
  0x0000021979355990 JavaThread "Catalina-utility-1" [_thread_blocked, id=19336, stack(0x0000004879c00000,0x0000004879d00000)]
  0x0000021979355ee0 JavaThread "Catalina-utility-2" [_thread_blocked, id=376, stack(0x000000487a200000,0x000000487a300000)]
  0x000002197935a940 JavaThread "container-1" [_thread_blocked, id=13952, stack(0x000000487a300000,0x000000487a400000)]

Other Threads:
  0x0000021973084bd0 VMThread "VM Thread" [stack: 0x0000004877b00000,0x0000004877c00000] [id=23608]
  0x00000219780788a0 WatcherThread "VM Periodic Task Thread" [stack: 0x0000004878d00000,0x0000004878e00000] [id=12220]
  0x0000021953ef5700 WorkerThread "GC Thread#0" [stack: 0x0000004877600000,0x0000004877700000] [id=6784]
  0x0000021977836910 WorkerThread "GC Thread#1" [stack: 0x0000004878e00000,0x0000004878f00000] [id=2372]
  0x0000021977837cc0 WorkerThread "GC Thread#2" [stack: 0x0000004878f00000,0x0000004879000000] [id=24388]
  0x0000021977837f90 WorkerThread "GC Thread#3" [stack: 0x0000004879000000,0x0000004879100000] [id=10324]
  0x00000219778379f0 WorkerThread "GC Thread#4" [stack: 0x0000004879100000,0x0000004879200000] [id=4996]
  0x0000021977836640 WorkerThread "GC Thread#5" [stack: 0x0000004879200000,0x0000004879300000] [id=12452]
  0x0000021977836be0 WorkerThread "GC Thread#6" [stack: 0x0000004879300000,0x0000004879400000] [id=22940]
  0x0000021977837180 WorkerThread "GC Thread#7" [stack: 0x0000004879400000,0x0000004879500000] [id=10980]
  0x0000021977837450 WorkerThread "GC Thread#8" [stack: 0x0000004879700000,0x0000004879800000] [id=7584]
  0x00000219787ab870 WorkerThread "GC Thread#9" [stack: 0x0000004879800000,0x0000004879900000] [id=6096]
=>0x00000219787ad760 WorkerThread "GC Thread#10" [stack: 0x0000004879900000,0x0000004879a00000] [id=16264]
  0x00000219787abb40 WorkerThread "GC Thread#11" [stack: 0x0000004879d00000,0x0000004879e00000] [id=18524]
  0x00000219787ac3b0 WorkerThread "GC Thread#12" [stack: 0x0000004879e00000,0x0000004879f00000] [id=3184]
  0x0000021953f05c20 ConcurrentGCThread "G1 Main Marker" [stack: 0x0000004877700000,0x0000004877800000] [id=21404]
  0x0000021953f07470 WorkerThread "G1 Conc#0" [stack: 0x0000004877800000,0x0000004877900000] [id=19396]
  0x00000219787ada30 WorkerThread "G1 Conc#1" [stack: 0x0000004879f00000,0x000000487a000000] [id=12100]
  0x00000219787add00 WorkerThread "G1 Conc#2" [stack: 0x000000487a000000,0x000000487a100000] [id=16308]
  0x0000021972f3d040 ConcurrentGCThread "G1 Refine#0" [stack: 0x0000004877900000,0x0000004877a00000] [id=23948]
  0x0000021972f3d790 ConcurrentGCThread "G1 Service" [stack: 0x0000004877a00000,0x0000004877b00000] [id=23536]

Threads with active compile tasks:

VM state: at safepoint (normal execution)

VM Mutex/Monitor currently owned by a thread:  ([mutex/lock_event])
[0x0000021953e8aca0] Threads_lock - owner thread: 0x0000021973084bd0
[0x0000021953e89740] Heap_lock - owner thread: 0x0000021979358960

Heap address: 0x0000000722400000, size: 3548 MB, Compressed Oops mode: Zero based, Oop shift amount: 3

CDS archive(s) mapped at: [0x0000000800000000-0x0000000800c60000-0x0000000800c60000), size 12976128, SharedBaseAddress: 0x0000000800000000, ArchiveRelocationMode: 0.
Compressed class space mapped at: 0x0000000801000000-0x0000000841000000, reserved size: 1073741824
Narrow klass base: 0x0000000800000000, Narrow klass shift: 0, Narrow klass range: 0x100000000

GC Precious Log:
 CardTable entry size: 512
 Card Set container configuration: InlinePtr #cards 4 size 8 Array Of Cards #cards 16 size 48 Howl #buckets 8 coarsen threshold 3686 Howl Bitmap #cards 512 size 80 coarsen threshold 460 Card regions per heap region 1 cards per card region 4096
 CPUs: 16 total, 16 available
 Memory: 14188M
 Large Page Support: Disabled
 NUMA Support: Disabled
 Compressed Oops: Enabled (Zero based)
 Heap Region Size: 2M
 Heap Min Capacity: 8M
 Heap Initial Capacity: 222M
 Heap Max Capacity: 3548M
 Pre-touch: Disabled
 Parallel Workers: 13
 Concurrent Workers: 3
 Concurrent Refinement Workers: 13
 Periodic GC: Disabled

Heap:
 garbage-first heap   total 81920K, used 67367K [0x0000000722400000, 0x0000000800000000)
  region size 2048K, 21 young (43008K), 3 survivors (6144K)
 Metaspace       used 81821K, committed 82688K, reserved 1179648K
  class space    used 10281K, committed 10688K, reserved 1048576K

Heap Regions: E=young(eden), S=young(survivor), O=old, HS=humongous(starts), HC=humongous(continues), CS=collection set, F=free, OA=open archive, CA=closed archive, TAMS=top-at-mark-start, PB=parsable bottom
|   0|0x0000000722400000, 0x0000000722600000, 0x0000000722600000|100%| O|  |TAMS 0x0000000722400000| PB 0x0000000722400000| Untracked 
|   1|0x0000000722600000, 0x00000007227ffff8, 0x0000000722800000| 99%| O|  |TAMS 0x0000000722600000| PB 0x0000000722600000| Untracked 
|   2|0x0000000722800000, 0x0000000722a00000, 0x0000000722a00000|100%| O|  |TAMS 0x0000000722800000| PB 0x0000000722800000| Untracked 
|   3|0x0000000722a00000, 0x0000000722c00000, 0x0000000722c00000|100%| O|  |TAMS 0x0000000722a00000| PB 0x0000000722a00000| Untracked 
|   4|0x0000000722c00000, 0x0000000722dfffe8, 0x0000000722e00000| 99%| O|  |TAMS 0x0000000722c00000| PB 0x0000000722c00000| Untracked 
|   5|0x0000000722e00000, 0x0000000722fffff0, 0x0000000723000000| 99%| O|  |TAMS 0x0000000722e00000| PB 0x0000000722e00000| Untracked 
|   6|0x0000000723000000, 0x00000007231fffc8, 0x0000000723200000| 99%| O|  |TAMS 0x0000000723000000| PB 0x0000000723000000| Untracked 
|   7|0x0000000723200000, 0x0000000723400000, 0x0000000723400000|100%| O|  |TAMS 0x0000000723200000| PB 0x0000000723200000| Untracked 
|   8|0x0000000723400000, 0x00000007235fff78, 0x0000000723600000| 99%| O|  |TAMS 0x0000000723400000| PB 0x0000000723400000| Untracked 
|   9|0x0000000723600000, 0x00000007237fffb8, 0x0000000723800000| 99%| O|  |TAMS 0x0000000723600000| PB 0x0000000723600000| Untracked 
|  10|0x0000000723800000, 0x00000007239fffe0, 0x0000000723a00000| 99%| O|  |TAMS 0x0000000723800000| PB 0x0000000723800000| Untracked 
|  11|0x0000000723a00000, 0x0000000723bf7980, 0x0000000723c00000| 98%| O|  |TAMS 0x0000000723a00000| PB 0x0000000723a00000| Untracked 
|  12|0x0000000723c00000, 0x0000000723dfffd8, 0x0000000723e00000| 99%| O|  |TAMS 0x0000000723c00000| PB 0x0000000723c00000| Untracked 
|  13|0x0000000723e00000, 0x0000000723e19968, 0x0000000724000000|  4%| O|  |TAMS 0x0000000723e00000| PB 0x0000000723e00000| Untracked 
|  14|0x0000000724000000, 0x0000000724007858, 0x0000000724200000|  1%| O|CS|TAMS 0x0000000724000000| PB 0x0000000724000000| Complete 
|  15|0x0000000724200000, 0x0000000724208980, 0x0000000724400000|  1%| O|  |TAMS 0x0000000724200000| PB 0x0000000724200000| Untracked 
|  16|0x0000000724400000, 0x00000007244cc3a8, 0x0000000724600000| 39%| O|  |TAMS 0x0000000724400000| PB 0x0000000724400000| Untracked 
|  17|0x0000000724600000, 0x00000007246cd7d0, 0x0000000724800000| 40%| S|  |TAMS 0x0000000724600000| PB 0x0000000724600000| Complete 
|  18|0x0000000724800000, 0x00000007248e5260, 0x0000000724a00000| 44%| E|CS|TAMS 0x0000000724800000| PB 0x0000000724800000| Complete 
|  19|0x0000000724a00000, 0x0000000724c00000, 0x0000000724c00000|100%| S|  |TAMS 0x0000000724a00000| PB 0x0000000724a00000| Complete 
|  20|0x0000000724c00000, 0x0000000724e00000, 0x0000000724e00000|100%| S|  |TAMS 0x0000000724c00000| PB 0x0000000724c00000| Complete 
|  21|0x0000000724e00000, 0x0000000725000000, 0x0000000725000000|100%| E|CS|TAMS 0x0000000724e00000| PB 0x0000000724e00000| Complete 
|  22|0x0000000725000000, 0x0000000725200000, 0x0000000725200000|100%| E|CS|TAMS 0x0000000725000000| PB 0x0000000725000000| Complete 
|  23|0x0000000725200000, 0x0000000725400000, 0x0000000725400000|100%| E|CS|TAMS 0x0000000725200000| PB 0x0000000725200000| Complete 
|  24|0x0000000725400000, 0x0000000725600000, 0x0000000725600000|100%| E|CS|TAMS 0x0000000725400000| PB 0x0000000725400000| Complete 
|  25|0x0000000725600000, 0x0000000725800000, 0x0000000725800000|100%| E|CS|TAMS 0x0000000725600000| PB 0x0000000725600000| Complete 
|  26|0x0000000725800000, 0x0000000725a00000, 0x0000000725a00000|100%| E|CS|TAMS 0x0000000725800000| PB 0x0000000725800000| Complete 
|  27|0x0000000725a00000, 0x0000000725c00000, 0x0000000725c00000|100%| E|CS|TAMS 0x0000000725a00000| PB 0x0000000725a00000| Complete 
|  28|0x0000000725c00000, 0x0000000725e00000, 0x0000000725e00000|100%| E|CS|TAMS 0x0000000725c00000| PB 0x0000000725c00000| Complete 
|  29|0x0000000725e00000, 0x0000000726000000, 0x0000000726000000|100%| E|CS|TAMS 0x0000000725e00000| PB 0x0000000725e00000| Complete 
|  30|0x0000000726000000, 0x0000000726200000, 0x0000000726200000|100%| E|CS|TAMS 0x0000000726000000| PB 0x0000000726000000| Complete 
|  31|0x0000000726200000, 0x0000000726400000, 0x0000000726400000|100%| E|CS|TAMS 0x0000000726200000| PB 0x0000000726200000| Complete 
|  32|0x0000000726400000, 0x0000000726600000, 0x0000000726600000|100%| E|CS|TAMS 0x0000000726400000| PB 0x0000000726400000| Complete 
|  33|0x0000000726600000, 0x0000000726800000, 0x0000000726800000|100%| E|CS|TAMS 0x0000000726600000| PB 0x0000000726600000| Complete 
|  34|0x0000000726800000, 0x0000000726a00000, 0x0000000726a00000|100%| E|CS|TAMS 0x0000000726800000| PB 0x0000000726800000| Complete 
|  35|0x0000000726a00000, 0x0000000726c00000, 0x0000000726c00000|100%| E|CS|TAMS 0x0000000726a00000| PB 0x0000000726a00000| Complete 
| 106|0x000000072f800000, 0x000000072fa00000, 0x000000072fa00000|100%| E|CS|TAMS 0x000000072f800000| PB 0x000000072f800000| Complete 
| 107|0x000000072fa00000, 0x000000072fc00000, 0x000000072fc00000|100%| E|CS|TAMS 0x000000072fa00000| PB 0x000000072fa00000| Complete 
| 108|0x000000072fc00000, 0x000000072fe00000, 0x000000072fe00000|100%| E|CS|TAMS 0x000000072fc00000| PB 0x000000072fc00000| Complete 
| 110|0x0000000730000000, 0x0000000730200000, 0x0000000730200000|100%| E|CS|TAMS 0x0000000730000000| PB 0x0000000730000000| Complete 

Card table byte_map: [0x000002196bea0000,0x000002196c590000] _byte_map_base: 0x000002196858e000

Marking Bits: (CMBitMap*) 0x0000021953ef5c30
 Bits: [0x000002196cc80000, 0x00000219703f0000)

Polling page: 0x0000021951e50000

Metaspace:

Usage:
  Non-class:     69.86 MB used.
      Class:     10.04 MB used.
       Both:     79.90 MB used.

Virtual space:
  Non-class space:      128.00 MB reserved,      70.31 MB ( 55%) committed,  2 nodes.
      Class space:        1.00 GB reserved,      10.44 MB (  1%) committed,  1 nodes.
             Both:        1.12 GB reserved,      80.75 MB (  7%) committed. 

Chunk freelists:
   Non-Class:  1.48 MB
       Class:  1.59 MB
        Both:  3.08 MB

MaxMetaspaceSize: unlimited
CompressedClassSpaceSize: 1.00 GB
Initial GC threshold: 21.00 MB
Current GC threshold: 133.38 MB
CDS: on
MetaspaceReclaimPolicy: balanced
 - commit_granule_bytes: 65536.
 - commit_granule_words: 8192.
 - virtual_space_node_default_size: 8388608.
 - enlarge_chunks_in_place: 1.
 - new_chunks_are_fully_committed: 0.
 - uncommit_free_chunks: 1.
 - use_allocation_guard: 0.


Internal statistics:

num_allocs_failed_limit: 12.
num_arena_births: 1090.
num_arena_deaths: 10.
num_vsnodes_births: 3.
num_vsnodes_deaths: 0.
num_space_committed: 1292.
num_space_uncommitted: 0.
num_chunks_returned_to_freelist: 22.
num_chunks_taken_from_freelist: 4112.
num_chunk_merges: 6.
num_chunk_splits: 2885.
num_chunks_enlarged: 2164.
num_inconsistent_stats: 0.

CodeHeap 'non-profiled nmethods': size=119168Kb used=8285Kb max_used=8285Kb free=110882Kb
 bounds [0x0000021963ad0000, 0x00000219642f0000, 0x000002196af30000]
CodeHeap 'profiled nmethods': size=119104Kb used=17645Kb max_used=17645Kb free=101458Kb
 bounds [0x000002195bf30000, 0x000002195d080000, 0x0000021963380000]
CodeHeap 'non-nmethods': size=7488Kb used=1862Kb max_used=3682Kb free=5625Kb
 bounds [0x0000021963380000, 0x0000021963730000, 0x0000021963ad0000]
 total_blobs=8902 nmethods=8151 adapters=660
 compilation: enabled
              stopped_count=0, restarted_count=0
 full_count=0

Compilation events (20 events):
Event: 1489.395 Thread 0x00000219775185d0 nmethod 13495% 0x00000219642d6d90 code [0x00000219642d6f20, 0x00000219642d78f0]
Event: 1489.423 Thread 0x000002197ae14600 nmethod 13497% 0x00000219642d7c10 code [0x00000219642d7de0, 0x00000219642d9498]
Event: 1489.433 Thread 0x00000219775185d0 13499       4       sun.security.ssl.SSLConfiguration::isAvailable (78 bytes)
Event: 1489.438 Thread 0x00000219775185d0 nmethod 13499 0x00000219642da090 code [0x00000219642da220, 0x00000219642da538]
Event: 1489.482 Thread 0x000002197ae14600 13500 %     4       sun.security.ssl.SSLConfiguration::getEnabledExtensions @ 19 (79 bytes)
Event: 1489.484 Thread 0x00000219775185d0 13501   !   4       com.sun.crypto.provider.GaloisCounterMode$GCMDecrypt::doFinal (585 bytes)
Event: 1489.484 Thread 0x0000021902e39800 13502       3       com.mysql.cj.util.StringUtils::indexOfIgnoreCase (137 bytes)
Event: 1489.486 Thread 0x0000021902e39800 nmethod 13502 0x000002195d06f810 code [0x000002195d06fd60, 0x000002195d072d20]
Event: 1489.516 Thread 0x000002197ae14600 nmethod 13500% 0x00000219642daa10 code [0x00000219642dac20, 0x00000219642dbff8]
Event: 1489.521 Thread 0x0000021902e39800 13503       3       java.util.stream.ReferencePipeline$Head::forEach (26 bytes)
Event: 1489.522 Thread 0x0000021902e39800 nmethod 13503 0x000002195d073f90 code [0x000002195d0741a0, 0x000002195d0748f0]
Event: 1489.524 Thread 0x000002197ae14600 13504   !   4       java.net.Socket::isClosed (19 bytes)
Event: 1489.524 Thread 0x0000021902e39800 13505   !   3       java.security.AlgorithmParameters::getInstance (67 bytes)
Event: 1489.525 Thread 0x000002197ae14600 nmethod 13504 0x00000219642dcc10 code [0x00000219642dcd80, 0x00000219642dcf60]
Event: 1489.525 Thread 0x0000021902e39800 nmethod 13505 0x000002195d074c10 code [0x000002195d074ee0, 0x000002195d075f80]
Event: 1489.606 Thread 0x00000219775185d0 nmethod 13501 0x00000219642dd010 code [0x00000219642dd320, 0x00000219642e1c38]
Event: 1523.905 Thread 0x00000219775185d0 13506       4       java.util.LinkedHashMap::entrySet (27 bytes)
Event: 1523.907 Thread 0x00000219775185d0 nmethod 13506 0x00000219642e6c10 code [0x00000219642e6d80, 0x00000219642e6f48]
Event: 1523.907 Thread 0x00000219775185d0 13507       4       java.util.LinkedHashMap$LinkedEntrySet::iterator (12 bytes)
Event: 1523.909 Thread 0x00000219775185d0 nmethod 13507 0x00000219642e7010 code [0x00000219642e7180, 0x00000219642e7370]

GC Heap History (20 events):
Event: 1367.874 GC heap after
{Heap after GC invocations=33 (full 3):
 garbage-first heap   total 81920K, used 30047K [0x0000000722400000, 0x0000000800000000)
  region size 2048K, 2 young (4096K), 2 survivors (4096K)
 Metaspace       used 78955K, committed 79808K, reserved 1179648K
  class space    used 10087K, committed 10496K, reserved 1048576K
}
Event: 1368.196 GC heap before
{Heap before GC invocations=34 (full 3):
 garbage-first heap   total 81920K, used 64863K [0x0000000722400000, 0x0000000800000000)
  region size 2048K, 20 young (40960K), 2 survivors (4096K)
 Metaspace       used 79462K, committed 80256K, reserved 1179648K
  class space    used 10110K, committed 10496K, reserved 1048576K
}
Event: 1368.202 GC heap after
{Heap after GC invocations=35 (full 3):
 garbage-first heap   total 81920K, used 32797K [0x0000000722400000, 0x0000000800000000)
  region size 2048K, 2 young (4096K), 2 survivors (4096K)
 Metaspace       used 79462K, committed 80256K, reserved 1179648K
  class space    used 10110K, committed 10496K, reserved 1048576K
}
Event: 1443.627 GC heap before
{Heap before GC invocations=35 (full 3):
 garbage-first heap   total 81920K, used 38941K [0x0000000722400000, 0x0000000800000000)
  region size 2048K, 6 young (12288K), 2 survivors (4096K)
 Metaspace       used 79482K, committed 80320K, reserved 1179648K
  class space    used 10111K, committed 10496K, reserved 1048576K
}
Event: 1443.681 GC heap after
{Heap after GC invocations=36 (full 4):
 garbage-first heap   total 81920K, used 26855K [0x0000000722400000, 0x0000000800000000)
  region size 2048K, 0 young (0K), 0 survivors (0K)
 Metaspace       used 79479K, committed 80320K, reserved 1179648K
  class space    used 10111K, committed 10496K, reserved 1048576K
}
Event: 1444.230 GC heap before
{Heap before GC invocations=36 (full 4):
 garbage-first heap   total 81920K, used 69863K [0x0000000722400000, 0x0000000800000000)
  region size 2048K, 21 young (43008K), 0 survivors (0K)
 Metaspace       used 79714K, committed 80512K, reserved 1179648K
  class space    used 10128K, committed 10496K, reserved 1048576K
}
Event: 1444.232 GC heap after
{Heap after GC invocations=37 (full 4):
 garbage-first heap   total 81920K, used 30663K [0x0000000722400000, 0x0000000800000000)
  region size 2048K, 2 young (4096K), 2 survivors (4096K)
 Metaspace       used 79714K, committed 80512K, reserved 1179648K
  class space    used 10128K, committed 10496K, reserved 1048576K
}
Event: 1451.260 GC heap before
{Heap before GC invocations=38 (full 4):
 garbage-first heap   total 81920K, used 67527K [0x0000000722400000, 0x0000000800000000)
  region size 2048K, 21 young (43008K), 2 survivors (4096K)
 Metaspace       used 80260K, committed 81088K, reserved 1179648K
  class space    used 10153K, committed 10560K, reserved 1048576K
}
Event: 1451.297 GC heap after
{Heap after GC invocations=39 (full 5):
 garbage-first heap   total 81920K, used 27168K [0x0000000722400000, 0x0000000800000000)
  region size 2048K, 0 young (0K), 0 survivors (0K)
 Metaspace       used 80258K, committed 81088K, reserved 1179648K
  class space    used 10152K, committed 10560K, reserved 1048576K
}
Event: 1451.697 GC heap before
{Heap before GC invocations=39 (full 5):
 garbage-first heap   total 81920K, used 68128K [0x0000000722400000, 0x0000000800000000)
  region size 2048K, 20 young (40960K), 0 survivors (0K)
 Metaspace       used 80451K, committed 81280K, reserved 1179648K
  class space    used 10169K, committed 10560K, reserved 1048576K
}
Event: 1451.700 GC heap after
{Heap after GC invocations=40 (full 5):
 garbage-first heap   total 81920K, used 30588K [0x0000000722400000, 0x0000000800000000)
  region size 2048K, 2 young (4096K), 2 survivors (4096K)
 Metaspace       used 80451K, committed 81280K, reserved 1179648K
  class space    used 10169K, committed 10560K, reserved 1048576K
}
Event: 1452.167 GC heap before
{Heap before GC invocations=41 (full 5):
 garbage-first heap   total 81920K, used 69500K [0x0000000722400000, 0x0000000800000000)
  region size 2048K, 21 young (43008K), 2 survivors (4096K)
 Metaspace       used 80906K, committed 81664K, reserved 1179648K
  class space    used 10194K, committed 10560K, reserved 1048576K
}
Event: 1452.171 GC heap after
{Heap after GC invocations=42 (full 5):
 garbage-first heap   total 81920K, used 33575K [0x0000000722400000, 0x0000000800000000)
  region size 2048K, 2 young (4096K), 2 survivors (4096K)
 Metaspace       used 80906K, committed 81664K, reserved 1179648K
  class space    used 10194K, committed 10560K, reserved 1048576K
}
Event: 1478.363 GC heap before
{Heap before GC invocations=42 (full 5):
 garbage-first heap   total 81920K, used 35623K [0x0000000722400000, 0x0000000800000000)
  region size 2048K, 4 young (8192K), 2 survivors (4096K)
 Metaspace       used 80915K, committed 81664K, reserved 1179648K
  class space    used 10194K, committed 10560K, reserved 1048576K
}
Event: 1478.398 GC heap after
{Heap after GC invocations=43 (full 6):
 garbage-first heap   total 81920K, used 27539K [0x0000000722400000, 0x0000000800000000)
  region size 2048K, 0 young (0K), 0 survivors (0K)
 Metaspace       used 80912K, committed 81664K, reserved 1179648K
  class space    used 10194K, committed 10560K, reserved 1048576K
}
Event: 1478.828 GC heap before
{Heap before GC invocations=43 (full 6):
 garbage-first heap   total 81920K, used 66451K [0x0000000722400000, 0x0000000800000000)
  region size 2048K, 19 young (38912K), 0 survivors (0K)
 Metaspace       used 81068K, committed 81920K, reserved 1179648K
  class space    used 10210K, committed 10624K, reserved 1048576K
}
Event: 1478.831 GC heap after
{Heap after GC invocations=44 (full 6):
 garbage-first heap   total 81920K, used 30930K [0x0000000722400000, 0x0000000800000000)
  region size 2048K, 2 young (4096K), 2 survivors (4096K)
 Metaspace       used 81068K, committed 81920K, reserved 1179648K
  class space    used 10210K, committed 10624K, reserved 1048576K
}
Event: 1488.854 GC heap before
{Heap before GC invocations=45 (full 6):
 garbage-first heap   total 81920K, used 67794K [0x0000000722400000, 0x0000000800000000)
  region size 2048K, 20 young (40960K), 2 survivors (4096K)
 Metaspace       used 81480K, committed 82368K, reserved 1179648K
  class space    used 10262K, committed 10688K, reserved 1048576K
}
Event: 1488.856 GC heap after
{Heap after GC invocations=46 (full 6):
 garbage-first heap   total 81920K, used 30503K [0x0000000722400000, 0x0000000800000000)
  region size 2048K, 2 young (4096K), 2 survivors (4096K)
 Metaspace       used 81480K, committed 82368K, reserved 1179648K
  class space    used 10262K, committed 10688K, reserved 1048576K
}
Event: 1547.041 GC heap before
{Heap before GC invocations=46 (full 6):
 garbage-first heap   total 81920K, used 65319K [0x0000000722400000, 0x0000000800000000)
  region size 2048K, 20 young (40960K), 2 survivors (4096K)
 Metaspace       used 81821K, committed 82688K, reserved 1179648K
  class space    used 10281K, committed 10688K, reserved 1048576K
}

Dll operation events (13 events):
Event: 0.012 Loaded shared library C:\Program Files\Java\jdk-20\bin\java.dll
Event: 0.019 Loaded shared library C:\Program Files\Java\jdk-20\bin\jsvml.dll
Event: 0.248 Loaded shared library C:\Program Files\Java\jdk-20\bin\zip.dll
Event: 0.251 Loaded shared library C:\Program Files\Java\jdk-20\bin\instrument.dll
Event: 0.255 Loaded shared library C:\Program Files\Java\jdk-20\bin\net.dll
Event: 0.256 Loaded shared library C:\Program Files\Java\jdk-20\bin\nio.dll
Event: 0.258 Loaded shared library C:\Program Files\Java\jdk-20\bin\zip.dll
Event: 0.370 Loaded shared library C:\Program Files\Java\jdk-20\bin\jimage.dll
Event: 0.409 Loaded shared library C:\Program Files\Java\jdk-20\bin\verify.dll
Event: 0.761 Loaded shared library C:\Program Files\Java\jdk-20\bin\management.dll
Event: 0.764 Loaded shared library C:\Program Files\Java\jdk-20\bin\management_ext.dll
Event: 1.694 Loaded shared library C:\Program Files\Java\jdk-20\bin\sunmscapi.dll
Event: 3.695 Loaded shared library C:\Program Files\Java\jdk-20\bin\extnet.dll

Deoptimization events (20 events):
Event: 1489.196 Thread 0x0000021979359ea0 Uncommon trap: trap_request=0xffffff97 fr.pc=0x000002196429b8a4 relative=0x0000000000001484
Event: 1489.196 Thread 0x0000021979359ea0 Uncommon trap: reason=unhandled action=none pc=0x000002196429b8a4 method=java.net.URLClassLoader.findClass(Ljava/lang/String;)Ljava/lang/Class; @ 44 c2
Event: 1489.196 Thread 0x0000021979359ea0 DEOPT PACKING pc=0x000002196429b8a4 sp=0x0000004878afa120
Event: 1489.196 Thread 0x0000021979359ea0 DEOPT UNPACKING pc=0x00000219633e9d22 sp=0x0000004878afa0d0 mode 2
Event: 1489.196 Thread 0x0000021979359ea0 DEOPT PACKING pc=0x000002195c57dd74 sp=0x0000004878afa200
Event: 1489.196 Thread 0x0000021979359ea0 DEOPT UNPACKING pc=0x00000219633ea4c2 sp=0x0000004878af97a0 mode 1
Event: 1489.197 Thread 0x0000021979359ea0 Uncommon trap: trap_request=0xffffff97 fr.pc=0x000002196429b8a4 relative=0x0000000000001484
Event: 1489.197 Thread 0x0000021979359ea0 Uncommon trap: reason=unhandled action=none pc=0x000002196429b8a4 method=java.net.URLClassLoader.findClass(Ljava/lang/String;)Ljava/lang/Class; @ 44 c2
Event: 1489.197 Thread 0x0000021979359ea0 DEOPT PACKING pc=0x000002196429b8a4 sp=0x0000004878afd350
Event: 1489.197 Thread 0x0000021979359ea0 DEOPT UNPACKING pc=0x00000219633e9d22 sp=0x0000004878afd300 mode 2
Event: 1489.197 Thread 0x0000021979359ea0 DEOPT PACKING pc=0x000002195c57dd74 sp=0x0000004878afd430
Event: 1489.197 Thread 0x0000021979359ea0 DEOPT UNPACKING pc=0x00000219633ea4c2 sp=0x0000004878afc9d0 mode 1
Event: 1489.200 Thread 0x0000021979359ea0 Uncommon trap: trap_request=0xffffff97 fr.pc=0x000002196429b8a4 relative=0x0000000000001484
Event: 1489.200 Thread 0x0000021979359ea0 Uncommon trap: reason=unhandled action=none pc=0x000002196429b8a4 method=java.net.URLClassLoader.findClass(Ljava/lang/String;)Ljava/lang/Class; @ 44 c2
Event: 1489.200 Thread 0x0000021979359ea0 DEOPT PACKING pc=0x000002196429b8a4 sp=0x0000004878afd5c0
Event: 1489.200 Thread 0x0000021979359ea0 DEOPT UNPACKING pc=0x00000219633e9d22 sp=0x0000004878afd570 mode 2
Event: 1489.200 Thread 0x0000021979359ea0 DEOPT PACKING pc=0x000002195c57dd74 sp=0x0000004878afd6a0
Event: 1489.200 Thread 0x0000021979359ea0 DEOPT UNPACKING pc=0x00000219633ea4c2 sp=0x0000004878afcc40 mode 1
Event: 1491.514 Thread 0x0000021979359ea0 DEOPT PACKING pc=0x000002195c353354 sp=0x0000004878afd730
Event: 1491.514 Thread 0x0000021979359ea0 DEOPT UNPACKING pc=0x00000219633ea4c2 sp=0x0000004878afcbe8 mode 0

Classes loaded (20 events):
Event: 53.348 Loading class org/w3c/dom/Node
Event: 53.348 Loading class org/w3c/dom/Node done
Event: 53.348 Loading class org/w3c/dom/Document
Event: 53.348 Loading class org/w3c/dom/Document done
Event: 620.339 Loading class java/util/concurrent/locks/AbstractQueuedSynchronizer$SharedNode
Event: 620.339 Loading class java/util/concurrent/locks/AbstractQueuedSynchronizer$SharedNode done
Event: 620.349 Loading class sun/security/ssl/Alert
Event: 620.350 Loading class sun/security/ssl/Alert done
Event: 620.350 Loading class sun/security/ssl/Alert$AlertConsumer
Event: 620.350 Loading class sun/security/ssl/Alert$AlertConsumer done
Event: 620.350 Loading class sun/security/ssl/Alert$Level
Event: 620.350 Loading class sun/security/ssl/Alert$Level done
Event: 620.351 Loading class sun/net/ConnectionResetException
Event: 620.351 Loading class sun/net/ConnectionResetException done
Event: 620.404 Loading class java/lang/ref/Finalizer$2
Event: 620.404 Loading class java/lang/ref/Finalizer$2 done
Event: 620.404 Loading class java/lang/ref/Finalizer$1
Event: 620.405 Loading class java/lang/ref/Finalizer$1 done
Event: 1444.050 Loading class java/lang/invoke/MethodHandleImpl$CountingWrapper$1
Event: 1444.050 Loading class java/lang/invoke/MethodHandleImpl$CountingWrapper$1 done

Classes unloaded (5 events):
Event: 1348.415 Thread 0x0000021973084bd0 Unloading class 0x00000008019e8000 'org/apache/catalina/loader/JdbcLeakPrevention'
Event: 1367.308 Thread 0x0000021973084bd0 Unloading class 0x0000000801a20000 'org/apache/catalina/loader/JdbcLeakPrevention'
Event: 1443.640 Thread 0x0000021973084bd0 Unloading class 0x0000000801a2c800 'org/apache/catalina/loader/JdbcLeakPrevention'
Event: 1451.271 Thread 0x0000021973084bd0 Unloading class 0x0000000801a30800 'org/apache/catalina/loader/JdbcLeakPrevention'
Event: 1478.374 Thread 0x0000021973084bd0 Unloading class 0x0000000801a44000 'org/apache/catalina/loader/JdbcLeakPrevention'

Classes redefined (2 events):
Event: 619.192 Thread 0x0000021973084bd0 redefined class name=com.wipro.pizza_hunt.config.SecurityConfig, count=1
Event: 1487.282 Thread 0x0000021973084bd0 redefined class name=com.wipro.pizza_hunt.controller.AdminController, count=1

Internal exceptions (20 events):
Event: 1478.928 Thread 0x0000021979355990 Implicit null exception at 0x0000021964252095 to 0x00000219642526fc
Event: 1478.991 Thread 0x0000021979357970 Exception <a 'java/net/SocketException'{0x00000007266d9820}: Connection reset by peer: shutdown> (0x00000007266d9820) 
thrown [s\open\src\hotspot\share\prims\jni.cpp, line 538]
Event: 1479.022 Thread 0x0000021979355ee0 Exception <a 'java/lang/InterruptedException'{0x00000007266ed158}: sleep interrupted> (0x00000007266ed158) 
thrown [s\open\src\hotspot\share\prims\jvm.cpp, line 3086]
Event: 1479.037 Thread 0x0000021979355990 Exception <a 'java/lang/NoClassDefFoundError'{0x00000007264b3c48}: jakarta/validation/ValidationException> (0x00000007264b3c48) 
thrown [s\open\src\hotspot\share\classfile\systemDictionary.cpp, line 294]
Event: 1479.038 Thread 0x0000021979355990 Exception <a 'java/lang/NoClassDefFoundError'{0x00000007264c1be0}: liquibase/exception/ChangeLogParseException> (0x00000007264c1be0) 
thrown [s\open\src\hotspot\share\classfile\systemDictionary.cpp, line 294]
Event: 1479.043 Thread 0x0000021979355990 Exception <a 'java/lang/NoClassDefFoundError'{0x0000000726588ff8}: org/jooq/DSLContext> (0x0000000726588ff8) 
thrown [s\open\src\hotspot\share\classfile\systemDictionary.cpp, line 294]
Event: 1479.044 Thread 0x0000021979355990 Exception <a 'java/lang/NoClassDefFoundError'{0x000000072658ab18}: io/r2dbc/spi/ConnectionFactory> (0x000000072658ab18) 
thrown [s\open\src\hotspot\share\classfile\systemDictionary.cpp, line 294]
Event: 1488.672 Thread 0x0000021979359ea0 Exception <a 'sun/nio/fs/WindowsException'{0x00000007262fba30}> (0x00000007262fba30) 
thrown [s\open\src\hotspot\share\prims\jni.cpp, line 519]
Event: 1488.945 Thread 0x0000021979359ea0 Exception <a 'java/lang/NoClassDefFoundError'{0x000000072f865fb0}: org/flywaydb/core/Flyway> (0x000000072f865fb0) 
thrown [s\open\src\hotspot\share\oops\constantPool.cpp, line 848]
Event: 1488.945 Thread 0x0000021979359ea0 Exception <a 'java/lang/NoClassDefFoundError'{0x000000072f866610}: liquibase/integration/spring/SpringLiquibase> (0x000000072f866610) 
thrown [s\open\src\hotspot\share\oops\constantPool.cpp, line 848]
Event: 1488.948 Thread 0x0000021979359ea0 Exception <a 'java/lang/NoClassDefFoundError'{0x000000072f8d1468}: org/jooq/DSLContext> (0x000000072f8d1468) 
thrown [s\open\src\hotspot\share\oops\constantPool.cpp, line 848]
Event: 1488.949 Thread 0x0000021979359ea0 Exception <a 'java/lang/NoClassDefFoundError'{0x000000072f8dfda0}: org/springframework/batch/core/repository/JobRepository> (0x000000072f8dfda0) 
thrown [s\open\src\hotspot\share\oops\constantPool.cpp, line 848]
Event: 1488.950 Thread 0x0000021979359ea0 Exception <a 'java/lang/NoClassDefFoundError'{0x000000072f8e03f8}: org/quartz/Scheduler> (0x000000072f8e03f8) 
thrown [s\open\src\hotspot\share\oops\constantPool.cpp, line 848]
Event: 1488.950 Thread 0x0000021979359ea0 Exception <a 'java/lang/NoClassDefFoundError'{0x000000072f8e0a78}: org/springframework/session/jdbc/JdbcIndexedSessionRepository> (0x000000072f8e0a78) 
thrown [s\open\src\hotspot\share\oops\constantPool.cpp, line 848]
Event: 1488.972 Thread 0x0000021979359ea0 Implicit null exception at 0x000002196429fdc0 to 0x00000219642a0a44
Event: 1488.998 Thread 0x0000021979359ea0 Exception <a 'java/io/FileNotFoundException'{0x000000072676a5b8}> (0x000000072676a5b8) 
thrown [s\open\src\hotspot\share\prims\jni.cpp, line 519]
Event: 1489.035 Thread 0x0000021979359ea0 Exception <a 'java/io/FileNotFoundException'{0x000000072609cf18}> (0x000000072609cf18) 
thrown [s\open\src\hotspot\share\prims\jni.cpp, line 519]
Event: 1489.041 Thread 0x0000021979359ea0 Implicit null exception at 0x00000219642b15c9 to 0x00000219642b22d8
Event: 1489.060 Thread 0x0000021979359ea0 Implicit null exception at 0x0000021964257e15 to 0x000002196425847c
Event: 1489.093 Thread 0x0000021979359ea0 Implicit null exception at 0x00000219642ba115 to 0x00000219642ba77c

VM Operations (20 events):
Event: 1491.513 Executing VM operation: ChangeSingleStep done
Event: 1491.514 Executing VM operation: ChangeSingleStep
Event: 1491.514 Executing VM operation: ChangeSingleStep done
Event: 1494.531 Executing VM operation: Cleanup
Event: 1494.531 Executing VM operation: Cleanup done
Event: 1495.202 Executing VM operation: GetObjectMonitorUsage
Event: 1495.202 Executing VM operation: GetObjectMonitorUsage done
Event: 1495.203 Executing VM operation: GetObjectMonitorUsage
Event: 1495.203 Executing VM operation: GetObjectMonitorUsage done
Event: 1495.211 Executing VM operation: get/set locals
Event: 1495.211 Executing VM operation: get/set locals done
Event: 1495.212 Executing VM operation: get/set locals
Event: 1495.212 Executing VM operation: get/set locals done
Event: 1495.213 Executing VM operation: get/set locals
Event: 1495.213 Executing VM operation: get/set locals done
Event: 1495.213 Executing VM operation: get/set locals
Event: 1495.213 Executing VM operation: get/set locals done
Event: 1495.214 Executing VM operation: get/set locals
Event: 1495.214 Executing VM operation: get/set locals done
Event: 1547.041 Executing VM operation: G1CollectForAllocation

Events (20 events):
Event: 1488.664 Thread 0x0000021979359ea0 Thread added: 0x0000021979359ea0
Event: 1488.669 Thread 0x0000021902e39800 Thread exited: 0x0000021902e39800
Event: 1488.715 Thread 0x000002197935a940 Thread added: 0x000002197935a940
Event: 1488.745 Thread 0x000002197935a940 Thread exited: 0x000002197935a940
Event: 1488.778 Thread 0x000002197ae14600 Thread added: 0x000002197ae14600
Event: 1488.847 Thread 0x000002197ae113f0 Thread added: 0x000002197ae113f0
Event: 1488.939 Thread 0x000002197ae11980 Thread added: 0x000002197ae11980
Event: 1489.025 Thread 0x0000021902e3ca10 Thread added: 0x0000021902e3ca10
Event: 1489.025 Thread 0x0000021902e39800 Thread added: 0x0000021902e39800
Event: 1489.027 Thread 0x0000021979354450 Thread added: 0x0000021979354450
Event: 1489.036 Thread 0x0000021979355990 Thread added: 0x0000021979355990
Event: 1489.036 Thread 0x0000021979355ee0 Thread added: 0x0000021979355ee0
Event: 1489.036 Thread 0x000002197935a940 Thread added: 0x000002197935a940
Event: 1489.132 Thread 0x0000021979356ed0 Thread added: 0x0000021979356ed0
Event: 1489.384 Thread 0x000002197ae113f0 Thread exited: 0x000002197ae113f0
Event: 1494.531 Thread 0x000002197ae14600 Thread exited: 0x000002197ae14600
Event: 1494.531 Thread 0x0000021902e3ca10 Thread exited: 0x0000021902e3ca10
Event: 1494.531 Thread 0x0000021902e39800 Thread exited: 0x0000021902e39800
Event: 1494.580 Thread 0x0000021979356ed0 Thread exited: 0x0000021979356ed0
Event: 1499.544 Thread 0x000002197ae11980 Thread exited: 0x000002197ae11980


Dynamic libraries:
0x00007ff7fc2c0000 - 0x00007ff7fc2d0000 	C:\Program Files\Java\jdk-20\bin\javaw.exe
0x00007ff9d2730000 - 0x00007ff9d2947000 	C:\WINDOWS\SYSTEM32\ntdll.dll
0x00007ff9d14e0000 - 0x00007ff9d15a4000 	C:\WINDOWS\System32\KERNEL32.DLL
0x00007ff9cfe70000 - 0x00007ff9d021d000 	C:\WINDOWS\System32\KERNELBASE.dll
0x00007ff9cfd50000 - 0x00007ff9cfe61000 	C:\WINDOWS\System32\ucrtbase.dll
0x00007ff9a0e80000 - 0x00007ff9a0e9b000 	C:\Program Files\Java\jdk-20\bin\VCRUNTIME140.dll
0x00007ff9a2700000 - 0x00007ff9a2719000 	C:\Program Files\Java\jdk-20\bin\jli.dll
0x00007ff9d15b0000 - 0x00007ff9d1662000 	C:\WINDOWS\System32\ADVAPI32.dll
0x00007ff9d0980000 - 0x00007ff9d0a27000 	C:\WINDOWS\System32\msvcrt.dll
0x00007ff9d2240000 - 0x00007ff9d22e9000 	C:\WINDOWS\System32\sechost.dll
0x00007ff9d0430000 - 0x00007ff9d0458000 	C:\WINDOWS\System32\bcrypt.dll
0x00007ff9d2040000 - 0x00007ff9d2154000 	C:\WINDOWS\System32\RPCRT4.dll
0x00007ff9d0490000 - 0x00007ff9d063e000 	C:\WINDOWS\System32\USER32.dll
0x00007ff9d0340000 - 0x00007ff9d0366000 	C:\WINDOWS\System32\win32u.dll
0x00007ff9be9d0000 - 0x00007ff9bec63000 	C:\WINDOWS\WinSxS\amd64_microsoft.windows.common-controls_6595b64144ccf1df_6.0.22621.3672_none_2713b9d173822955\COMCTL32.dll
0x00007ff9d1740000 - 0x00007ff9d1769000 	C:\WINDOWS\System32\GDI32.dll
0x00007ff9d0220000 - 0x00007ff9d0339000 	C:\WINDOWS\System32\gdi32full.dll
0x00007ff9cfa50000 - 0x00007ff9cfaea000 	C:\WINDOWS\System32\msvcp_win.dll
0x00007ff9c93b0000 - 0x00007ff9c93ba000 	C:\WINDOWS\SYSTEM32\VERSION.dll
0x00007ff9d0a30000 - 0x00007ff9d0a61000 	C:\WINDOWS\System32\IMM32.DLL
0x00007ff9bae50000 - 0x00007ff9bae5c000 	C:\Program Files\Java\jdk-20\bin\vcruntime140_1.dll
0x00007ff929ff0000 - 0x00007ff92a07e000 	C:\Program Files\Java\jdk-20\bin\msvcp140.dll
0x00007ff926d10000 - 0x00007ff9279a7000 	C:\Program Files\Java\jdk-20\bin\server\jvm.dll
0x00007ff9a26f0000 - 0x00007ff9a26f9000 	C:\WINDOWS\SYSTEM32\WSOCK32.dll
0x00007ff9d2570000 - 0x00007ff9d25e1000 	C:\WINDOWS\System32\WS2_32.dll
0x00007ff9c9ed0000 - 0x00007ff9c9f04000 	C:\WINDOWS\SYSTEM32\WINMM.dll
0x00007ff9ceb50000 - 0x00007ff9ceb68000 	C:\WINDOWS\SYSTEM32\kernel.appcore.dll
0x00007ff994f20000 - 0x00007ff994f2a000 	C:\Program Files\Java\jdk-20\bin\jimage.dll
0x00007ff9cd480000 - 0x00007ff9cd6b2000 	C:\WINDOWS\SYSTEM32\DBGHELP.DLL
0x00007ff9d1130000 - 0x00007ff9d14be000 	C:\WINDOWS\System32\combase.dll
0x00007ff9d2160000 - 0x00007ff9d2237000 	C:\WINDOWS\System32\OLEAUT32.dll
0x00007ff9b6270000 - 0x00007ff9b62a2000 	C:\WINDOWS\SYSTEM32\dbgcore.DLL
0x00007ff9cfb60000 - 0x00007ff9cfbdb000 	C:\WINDOWS\System32\bcryptPrimitives.dll
0x00007ff9ca7c0000 - 0x00007ff9ca7fc000 	C:\Program Files\Java\jdk-20\bin\jdwp.dll
0x00007ff9ca7b0000 - 0x00007ff9ca7be000 	C:\Program Files\Java\jdk-20\bin\instrument.dll
0x00007ff929f60000 - 0x00007ff929f86000 	C:\Program Files\Java\jdk-20\bin\java.dll
0x00007ff9285d0000 - 0x00007ff9286a7000 	C:\Program Files\Java\jdk-20\bin\jsvml.dll
0x00007ff9d17d0000 - 0x00007ff9d2037000 	C:\WINDOWS\System32\SHELL32.dll
0x00007ff9cd990000 - 0x00007ff9ce28f000 	C:\WINDOWS\SYSTEM32\windows.storage.dll
0x00007ff9cd850000 - 0x00007ff9cd98f000 	C:\WINDOWS\SYSTEM32\wintypes.dll
0x00007ff9d25f0000 - 0x00007ff9d26e9000 	C:\WINDOWS\System32\SHCORE.dll
0x00007ff9d23b0000 - 0x00007ff9d240e000 	C:\WINDOWS\System32\shlwapi.dll
0x00007ff9cf980000 - 0x00007ff9cf9a7000 	C:\WINDOWS\SYSTEM32\profapi.dll
0x00007ff9c9700000 - 0x00007ff9c970c000 	C:\Program Files\Java\jdk-20\bin\dt_socket.dll
0x00007ff9ce5a0000 - 0x00007ff9ce5cd000 	C:\WINDOWS\SYSTEM32\IPHLPAPI.DLL
0x00007ff9cefc0000 - 0x00007ff9cf029000 	C:\WINDOWS\system32\mswsock.dll
0x00007ff9ce5d0000 - 0x00007ff9ce6c8000 	C:\WINDOWS\SYSTEM32\DNSAPI.dll
0x00007ff9d0650000 - 0x00007ff9d0659000 	C:\WINDOWS\System32\NSI.dll
0x00007ff9cb570000 - 0x00007ff9cb57a000 	C:\Windows\System32\rasadhlp.dll
0x00007ff9c9c20000 - 0x00007ff9c9ca3000 	C:\WINDOWS\System32\fwpuclnt.dll
0x00007ff929f40000 - 0x00007ff929f58000 	C:\Program Files\Java\jdk-20\bin\zip.dll
0x00007ff94c530000 - 0x00007ff94c543000 	C:\Program Files\Java\jdk-20\bin\net.dll
0x00007ff9cab90000 - 0x00007ff9cacc6000 	C:\WINDOWS\SYSTEM32\WINHTTP.dll
0x00007ff94c450000 - 0x00007ff94c466000 	C:\Program Files\Java\jdk-20\bin\nio.dll
0x00007ff98f8b0000 - 0x00007ff98f8c0000 	C:\Program Files\Java\jdk-20\bin\verify.dll
0x00007ff9c96f0000 - 0x00007ff9c96fa000 	C:\Program Files\Java\jdk-20\bin\management.dll
0x00007ff9c96e0000 - 0x00007ff9c96eb000 	C:\Program Files\Java\jdk-20\bin\management_ext.dll
0x00007ff9d0480000 - 0x00007ff9d0488000 	C:\WINDOWS\System32\PSAPI.DLL
0x00007ff9a6000000 - 0x00007ff9a600e000 	C:\Program Files\Java\jdk-20\bin\sunmscapi.dll
0x00007ff9cfbe0000 - 0x00007ff9cfd46000 	C:\WINDOWS\System32\CRYPT32.dll
0x00007ff9cf3f0000 - 0x00007ff9cf41e000 	C:\WINDOWS\SYSTEM32\ncrypt.dll
0x00007ff9cf3b0000 - 0x00007ff9cf3e7000 	C:\WINDOWS\SYSTEM32\NTASN1.dll
0x00007ff9cf1f0000 - 0x00007ff9cf20b000 	C:\WINDOWS\SYSTEM32\CRYPTSP.dll
0x00007ff9ceab0000 - 0x00007ff9ceae5000 	C:\WINDOWS\system32\rsaenh.dll
0x00007ff9cf080000 - 0x00007ff9cf0a8000 	C:\WINDOWS\SYSTEM32\USERENV.dll
0x00007ff9cf210000 - 0x00007ff9cf21c000 	C:\WINDOWS\SYSTEM32\CRYPTBASE.dll
0x00007ff9cb710000 - 0x00007ff9cb729000 	C:\WINDOWS\SYSTEM32\dhcpcsvc6.DLL
0x00007ff9cad70000 - 0x00007ff9cad8f000 	C:\WINDOWS\SYSTEM32\dhcpcsvc.DLL
0x00007ff98d1f0000 - 0x00007ff98d1f7000 	C:\Program Files\Java\jdk-20\bin\extnet.dll
0x00007ff9af9e0000 - 0x00007ff9af9e8000 	C:\WINDOWS\system32\wshunix.dll

dbghelp: loaded successfully - version: 4.0.5 - missing functions: none
symbol engine: initialized successfully - sym options: 0x614 - pdb path: .;C:\Program Files\Java\jdk-20\bin;C:\WINDOWS\SYSTEM32;C:\WINDOWS\WinSxS\amd64_microsoft.windows.common-controls_6595b64144ccf1df_6.0.22621.3672_none_2713b9d173822955;C:\Program Files\Java\jdk-20\bin\server

VM Arguments:
jvm_args: -XX:+ShowCodeDetailsInExceptionMessages -agentlib:jdwp=transport=dt_socket,suspend=y,address=localhost:9790 -javaagent:C:\Users\thila\eclipse\jee-2023-032\eclipse\configuration\org.eclipse.osgi\424\0\.cp\lib\javaagent-shaded.jar -Dfile.encoding=UTF-8 
java_command: com.wipro.pizza_hunt.PizzaHuntApplication
java_class_path (initial): C:\Users\thila\Downloads\pizza-hunt\pizza-hunt\target\classes;C:\Users\thila\.m2\repository\org\springframework\boot\spring-boot-starter-data-jpa\3.3.3\spring-boot-starter-data-jpa-3.3.3.jar;C:\Users\thila\.m2\repository\org\springframework\boot\spring-boot-starter-aop\3.3.3\spring-boot-starter-aop-3.3.3.jar;C:\Users\thila\.m2\repository\org\aspectj\aspectjweaver\1.9.22.1\aspectjweaver-1.9.22.1.jar;C:\Users\thila\.m2\repository\org\springframework\boot\spring-boot-starter-jdbc\3.3.3\spring-boot-starter-jdbc-3.3.3.jar;C:\Users\thila\.m2\repository\com\zaxxer\HikariCP\5.1.0\HikariCP-5.1.0.jar;C:\Users\thila\.m2\repository\org\springframework\spring-jdbc\6.1.12\spring-jdbc-6.1.12.jar;C:\Users\thila\.m2\repository\org\hibernate\orm\hibernate-core\6.5.2.Final\hibernate-core-6.5.2.Final.jar;C:\Users\thila\.m2\repository\jakarta\persistence\jakarta.persistence-api\3.1.0\jakarta.persistence-api-3.1.0.jar;C:\Users\thila\.m2\repository\jakarta\transaction\jakarta.transaction-api\2.0.1\jakarta.transaction-api-2.0.1.jar;C:\Users\thila\.m2\repository\org\jboss\logging\jboss-logging\3.5.3.Final\jboss-logging-3.5.3.Final.jar;C:\Users\thila\.m2\repository\org\hibernate\common\hibernate-commons-annotations\6.0.6.Final\hibernate-commons-annotations-6.0.6.Final.jar;C:\Users\thila\.m2\repository\io\smallrye\jandex\3.1.2\jandex-3.1.2.jar;C:\Users\thila\.m2\repository\com\fasterxml\classmate\1.7.0\classmate-1.7.0.jar;C:\Users\thila\.m2\repository\net\bytebuddy\byte-buddy\1.14.19\byte-buddy-1.14.19.jar;C:\Users\thila\.m2\repository\org\glassfish\jaxb\jaxb-runtime\4.0.5\jaxb-runtime-4.0.5.jar;C:\Users\thila\.m2\repository\org\glassfish\jaxb\jaxb-core\4.0.5\jaxb-core-4.0.5.jar;C:\Users\thila\.m2\repository\org\eclipse\angus\angus-activation\2.0.2\angus-activation-2.0.2.jar;C:\Users\thila\.m2\repository\org\glassfish\jaxb\txw2\4.0.5\txw2-4.0.5.jar;C:\Users\thila\.m2\repository\com\sun\istack\istack-commons-runtime\4.1.2\istack-commons-runtime-4.1.2.jar;C:\Users\thila\.m2\repository\jakarta\inject\jakarta.inject-api\2.0.1\jakarta.inject-api-2.0.1.jar;C:\Users\thila\.m2\repository\org\antlr\antlr4-runtime\4.13.0\antlr4-runtime-4.13.0.jar;C:\Users\thila\.m2\repository\org\springframework\data\spring-data-jpa\3.3.3\spring-data-jpa-3.3.3.jar;C:\Users\thila\.m2\repository\org\springframework\data\spring-data-commons\3.3.3\spring-data-commons-3.3.3.jar;C:\Users\thila\.m2\repository\org\springframework\spring-orm\6.1.12\spring-orm-6.1.12.jar;C:\Users\thila\.m2\repository\org\springframework\spring-context\6.1.12\spring-context-6.1.12.jar;C:\Users\thila\.m2\repository\org\springframework\spring-tx\6.1.12\spring-tx-6.1.12.jar;C:\Users\thila\.m2\repository\org\springframework\spring-beans\6.1.12\spring-beans-6.1.12.jar;C:\Users\thila\.m2\repository\jakarta\annotation\jakarta.annotation-api\2.1.1\jakarta.annotation-api-2.1.1.jar;C:\Users\thila\.m2\repository\org\slf4j\slf4j-api\2.0.16\slf4j-api-2.0.16.jar;C:\Users\thila\.m2\repository\org\springframework\spring-aspects\6.1.12\spring-aspects-6.1.12.jar;C:\Users\thila\.m2\repository\org\springframework\boot\spring-boot-starter-security\3.3.3\spring-boot-starter-security-3.3.3.jar;C:\Users\thila\.m2\repository\org\springframework\boot\spring-boot-starter\3.3.3\spring-boot-starter-3.3.3.jar;C:\Users\thila\.m2\repository\org\springframework\boot\spring-boot-starter-logging\3.3.3\spring-boot-starter-logging-3.3.3.jar;C:\Users\thila\.m2\repository\ch\qos\logback\logback-classic\1.5.7\logback-classic-1.5.7.jar;C:\Users\thila\.m2\repository\ch\qos\logback\logback-core\1.5.7\logback-core-1.5.7.jar;C:\Users\thila\.m2\repository\org\apache\logging\log4j\log4j-to-slf4j\2.23.1\log4j-to-slf4j-2.23.1.jar;C:\Users\thila\.m2\repository\org\apache\logging\log4j\log4j-api\2.23.1\log4j-api-2.23.1.jar;C:\Users\thila\.m2\repository\org\slf4j\jul-to-slf4j\2.0.16\jul-to-slf4j-2.0.16.jar;C:\Users\thila\.m2\repository\org\yaml\snakeyaml\2.2\snakeyaml-2.2.jar;C:\Users\thila\.m2\repository\org\springframework\spring-aop\6.1.12\spring-aop-6.1.12.jar;C:\Users\thila\.m2\repository\org\springframework\security\spring-security-config\6.3.3\spring-security-config-6.3.3.jar;C:\Users\thila\.m2\repository\org\springframework\security\spring-security-web\6.3.3\spring-security-web-6.3.3.jar;C:\Users\thila\.m2\repository\org\springframework\spring-expression\6.1.12\spring-expression-6.1.12.jar;C:\Users\thila\.m2\repository\org\springframework\boot\spring-boot-starter-web\3.3.3\spring-boot-starter-web-3.3.3.jar;C:\Users\thila\.m2\repository\org\springframework\boot\spring-boot-starter-json\3.3.3\spring-boot-starter-json-3.3.3.jar;C:\Users\thila\.m2\repository\com\fasterxml\jackson\datatype\jackson-datatype-jdk8\2.17.2\jackson-datatype-jdk8-2.17.2.jar;C:\Users\thila\.m2\repository\com\fasterxml\jackson\datatype\jackson-datatype-jsr310\2.17.2\jackson-datatype-jsr310-2.17.2.jar;C:\Users\thila\.m2\repository\com\fasterxml\jackson\module\jackson-module-parameter-names\2.17.2\jackson-module-parameter-names-2.17.2.jar;C:\Users\thila\.m2\repository\org\springframework\boot\spring-boot-starter-tomcat\3.3.3\spring-boot-starter-tomcat-3.3.3.jar;C:\Users\thila\.m2\repository\org\apache\tomcat\embed\tomcat-embed-core\10.1.28\tomcat-embed-core-10.1.28.jar;C:\Users\thila\.m2\repository\org\apache\tomcat\embed\tomcat-embed-el\10.1.28\tomcat-embed-el-10.1.28.jar;C:\Users\thila\.m2\repository\org\apache\tomcat\embed\tomcat-embed-websocket\10.1.28\tomcat-embed-websocket-10.1.28.jar;C:\Users\thila\.m2\repository\org\springframework\spring-web\6.1.12\spring-web-6.1.12.jar;C:\Users\thila\.m2\repository\io\micrometer\micrometer-observation\1.13.3\micrometer-observation-1.13.3.jar;C:\Users\thila\.m2\repository\io\micrometer\micrometer-commons\1.13.3\micrometer-commons-1.13.3.jar;C:\Users\thila\.m2\repository\org\springframework\spring-webmvc\6.1.12\spring-webmvc-6.1.12.jar;C:\Users\thila\.m2\repository\org\springframework\boot\spring-boot-devtools\3.3.3\spring-boot-devtools-3.3.3.jar;C:\Users\thila\.m2\repository\org\springframework\boot\spring-boot\3.3.3\spring-boot-3.3.3.jar;C:\Users\thila\.m2\repository\org\springframework\boot\spring-boot-autoconfigure\3.3.3\spring-boot-autoconfigure-3.3.3.jar;C:\Users\thila\.m2\repository\com\h2database\h2\2.2.224\h2-2.2.224.jar;C:\Users\thila\.m2\repository\com\mysql\mysql-connector-j\8.3.0\mysql-connector-j-8.3.0.jar;C:\Users\thila\.m2\repository\io\jsonwebtoken\jjwt\0.9.1\jjwt-0.9.1.jar;C:\Users\thila\.m2\repository\com\fasterxml\jackson\core\jackson-databind\2.17.2\jackson-databind-2.17.2.jar;C:\Users\thila\.m2\repository\com\fasterxml\jackson\core\jackson-annotations\2.17.2\jackson-annotations-2.17.2.jar;C:\Users\thila\.m2\repository\com\fasterxml\jackson\core\jackson-core\2.17.2\jackson-core-2.17.2.jar;C:\Users\thila\.m2\repository\jakarta\xml\bind\jakarta.xml.bind-api\4.0.2\jakarta.xml.bind-api-4.0.2.jar;C:\Users\thila\.m2\repository\jakarta\activation\jakarta.activation-api\2.1.3\jakarta.activation-api-2.1.3.jar;C:\Users\thila\.m2\repository\org\springframework\spring-core\6.1.12\spring-core-6.1.12.jar;C:\Users\thila\.m2\repository\org\springframework\spring-jcl\6.1.12\spring-jcl-6.1.12.jar;C:\Users\thila\.m2\repository\org\springframework\security\spring-security-core\6.3.3\spring-security-core-6.3.3.jar;C:\Users\thila\.m2\repository\org\springframework\security\spring-security-crypto\6.3.3\spring-security-crypto-6.3.3.jar
Launcher Type: SUN_STANDARD

[Global flags]
     intx CICompilerCount                          = 12                                        {product} {ergonomic}
     uint ConcGCThreads                            = 3                                         {product} {ergonomic}
     uint G1ConcRefinementThreads                  = 13                                        {product} {ergonomic}
   size_t G1HeapRegionSize                         = 2097152                                   {product} {ergonomic}
    uintx GCDrainStackTargetSize                   = 64                                        {product} {ergonomic}
   size_t InitialHeapSize                          = 232783872                                 {product} {ergonomic}
   size_t MarkStackSize                            = 4194304                                   {product} {ergonomic}
   size_t MaxHeapSize                              = 3720347648                                {product} {ergonomic}
   size_t MaxNewSize                               = 2231369728                                {product} {ergonomic}
   size_t MinHeapDeltaBytes                        = 2097152                                   {product} {ergonomic}
   size_t MinHeapSize                              = 8388608                                   {product} {ergonomic}
    uintx NonNMethodCodeHeapSize                   = 7602480                                {pd product} {ergonomic}
    uintx NonProfiledCodeHeapSize                  = 122027880                              {pd product} {ergonomic}
    uintx ProfiledCodeHeapSize                     = 122027880                              {pd product} {ergonomic}
    uintx ReservedCodeCacheSize                    = 251658240                              {pd product} {ergonomic}
     bool SegmentedCodeCache                       = true                                      {product} {ergonomic}
     bool ShowCodeDetailsInExceptionMessages       = true                                   {manageable} {command line}
   size_t SoftMaxHeapSize                          = 3720347648                             {manageable} {ergonomic}
     bool UseCompressedClassPointers               = true                           {product lp64_product} {ergonomic}
     bool UseCompressedOops                        = true                           {product lp64_product} {ergonomic}
     bool UseG1GC                                  = true                                      {product} {ergonomic}
     bool UseLargePagesIndividualAllocation        = false                                  {pd product} {ergonomic}

Logging:
Log output configuration:
 #0: stdout all=warning uptime,level,tags foldmultilines=false
 #1: stderr all=off uptime,level,tags foldmultilines=false

Environment Variables:
PATH=C:\Python312\Scripts\;C:\Python312\;C:\Program Files\Common Files\Oracle\Java\javapath;C:\Windows\system32;C:\Windows;C:\Windows\System32\Wbem;C:\Windows\System32\WindowsPowerShell\v1.0\;C:\Windows\System32\OpenSSH\;C:\Program Files (x86)\NVIDIA Corporation\PhysX\Common;C:\Program Files\NVIDIA Corporation\NVIDIA NvDLISR;C:\WINDOWS\system32;C:\WINDOWS;C:\WINDOWS\System32\Wbem;C:\WINDOWS\System32\WindowsPowerShell\v1.0\;C:\WINDOWS\System32\OpenSSH\;C:\Program Files\dotnet\;C:\Program Files\Git\cmd;C:\Program Files\Amazon\AWSCLIV2\;C:\ProgramData\chocolatey\bin;C:\Users\thila\AppData\Roaming\nvm;C:\Program Files\nodejs;C:\Program Files\MySQL\MySQL Shell 8.0\bin\;C:\Users\thila\AppData\Local\Microsoft\WindowsApps;C:\Users\thila\AppData\Local\Programs\Microsoft VS Code\bin;C:\Users\thila\AppData\Local\Programs\Hyper\resources\bin;C:\Program Files\heroku\bin;C:\Program Files\MongoDB\Server\7.0\bin;C:\Users\thila\AppData\Local\Programs\mongosh\;C:\Users\thila\AppData\Roaming\npm;C:\Users\thila\AppData\Roaming\nvm;C:\Program Files\nodejs
USERNAME=thila
OS=Windows_NT
PROCESSOR_IDENTIFIER=AMD64 Family 25 Model 80 Stepping 0, AuthenticAMD
TMP=C:\Users\thila\AppData\Local\Temp
TEMP=C:\Users\thila\AppData\Local\Temp




---------------  S Y S T E M  ---------------

OS:
 Windows 11 , 64 bit Build 22621 (10.0.22621.3958)
OS uptime: 1 days 19:50 hours
Hyper-V role detected

CPU: total 16 (initial active 16) (16 cores per cpu, 2 threads per core) family 25 model 80 stepping 0 microcode 0x0, cx8, cmov, fxsr, ht, mmx, 3dnowpref, sse, sse2, sse3, ssse3, sse4a, sse4.1, sse4.2, popcnt, lzcnt, tsc, tscinvbit, avx, avx2, aes, erms, clmul, bmi1, bmi2, adx, sha, fma, vzeroupper, clflush, clflushopt, hv, rdtscp, rdpid, fsrm, f16c, cet_ss

Memory: 4k page, system-wide physical 14188M (2969M free)
TotalPageFile size 30572M (AvailPageFile size 13541M)
current process WorkingSet (physical memory assigned to process): 384M, peak: 573M
current process commit charge ("private bytes"): 436M, peak: 622M

vm_info: Java HotSpot(TM) 64-Bit Server VM (20.0.1+9-29) for windows-amd64 JRE (20.0.1+9-29), built on 2023-03-07T13:56:11Z by "mach5one" with MS VC++ 17.1 (VS2022)

END.
